TN:gcov_test
SF:/Users/grisella/develop/C8_3DViewer_v1.0-0/src/3d_View1-0/brain.c
FN:5,facets_to_arr
FNDA:1,facets_to_arr
FN:43,converter
FNDA:1,converter
FN:75,matrix_to_arr
FNDA:1,matrix_to_arr
FN:94,result
FNDA:0,result
FN:115,init_vertexes
FNDA:1,init_vertexes
FN:121,init_polygons
FNDA:1,init_polygons
FN:126,init_matrix
FNDA:1,init_matrix
FN:134,free_matrix
FNDA:1,free_matrix
FN:141,free_polygons_vertexes
FNDA:1,free_polygons_vertexes
FN:148,number_of_elements
FNDA:1,number_of_elements
FN:172,fullvert
FNDA:1,fullvert
FN:249,counter
FNDA:1,counter
FNF:12
FNH:11
DA:5,1
DA:6,1
DA:7,1
DA:10,1
DA:11,7
DA:12,30
DA:13,24
DA:17,1
DA:18,1
DA:19,7
DA:20,30
DA:21,72
DA:22,48
DA:23,6
DA:24,6
DA:26,42
DA:27,0
DA:28,42
DA:30,42
DA:34,6
DA:35,6
DA:38,1
DA:40,1
DA:43,1
DA:44,1
DA:45,1
DA:46,1
DA:47,1
DA:49,1
DA:50,1
DA:51,1
DA:52,1
DA:53,1
DA:54,1
DA:55,1
DA:56,1
DA:57,1
DA:58,1
DA:59,1
DA:60,1
DA:61,1
DA:62,1
DA:63,1
DA:66,1
DA:68,1
DA:69,1
DA:71,1
DA:75,1
DA:76,1
DA:77,1
DA:79,1
DA:80,9
DA:81,32
DA:82,24
DA:85,24
DA:89,1
DA:94,0
DA:95,0
DA:96,0
DA:97,0
DA:99,0
DA:100,0
DA:101,0
DA:102,0
DA:103,0
DA:104,0
DA:106,0
DA:112,0
DA:115,1
DA:116,7
DA:117,6
DA:119,1
DA:121,1
DA:122,1
DA:123,1
DA:126,1
DA:128,1
DA:129,9
DA:130,8
DA:132,1
DA:134,1
DA:135,9
DA:136,8
DA:138,1
DA:139,1
DA:141,1
DA:142,7
DA:143,6
DA:145,1
DA:146,1
DA:148,1
DA:149,1
DA:150,1
DA:151,1
DA:152,1
DA:153,41
DA:154,40
DA:155,40
DA:156,6
DA:157,165
DA:158,159
DA:159,24
DA:162,6
DA:165,1
DA:168,0
DA:170,1
DA:172,1
DA:173,1
DA:174,1
DA:175,1
DA:176,1
DA:177,1
DA:178,1
DA:179,1
DA:180,41
DA:181,40
DA:182,40
DA:183,8
DA:184,228
DA:185,228
DA:186,24
DA:187,24
DA:188,1
DA:189,1
DA:190,1
DA:192,24
DA:193,24
DA:194,24
DA:195,24
DA:196,228
DA:197,204
DA:199,24
DA:200,16
DA:202,204
DA:204,8
DA:206,40
DA:207,6
DA:208,6
DA:209,6
DA:210,171
DA:214,165
DA:215,165
DA:216,72
DA:217,24
DA:218,24
DA:219,0
DA:221,24
DA:223,24
DA:224,24
DA:225,24
DA:226,24
DA:227,48
DA:228,24
DA:231,24
DA:236,6
DA:238,983
DA:239,943
DA:242,1
DA:245,0
DA:247,1
DA:249,1
DA:250,1
DA:251,1
DA:252,1
DA:253,41
DA:254,40
DA:255,8
DA:257,40
DA:258,6
DA:261,1
DA:266,0
DA:268,1
LF:172
LH:155
end_of_record
TN:gcov_test
SF:/Users/grisella/develop/C8_3DViewer_v1.0-0/src/3d_View1-0/unit_test.c
FN:5,test_convert_fn
FNDA:1,test_convert_fn
FN:25,main
FNDA:2,main
FNF:2
FNH:2
DA:5,1
DA:6,1
DA:7,1
DA:8,1
DA:9,1
DA:10,1
DA:11,1
DA:12,1
DA:13,1
DA:15,1
DA:17,1
DA:18,1
DA:19,1
DA:20,1
DA:21,1
DA:22,1
DA:25,2
DA:26,2
DA:27,2
DA:28,2
DA:31,2
DA:32,2
DA:34,2
DA:35,1
DA:36,1
DA:38,1
LF:26
LH:26
end_of_record
